This is pdfTeX, Version 3.14159265-2.6-1.40.16 (MiKTeX 2.9) (preloaded format=pdflatex 2016.7.2)  16 SEP 2016 12:17
entering extended mode
**./BENNETT-IT.tex
(BENNETT-IT.tex
LaTeX2e <2015/10/01> patch level 2
Babel <3.9n> and hyphenation patterns for 69 languages loaded.
("C:\Program Files (x86)\MiKTeX 2.9\tex\latex\base\report.cls"
Document Class: report 2014/09/29 v1.4h Standard LaTeX document class
("C:\Program Files (x86)\MiKTeX 2.9\tex\latex\base\size12.clo"
File: size12.clo 2014/09/29 v1.4h Standard LaTeX file (size option)
)
\c@part=\count79
\c@chapter=\count80
\c@section=\count81
\c@subsection=\count82
\c@subsubsection=\count83
\c@paragraph=\count84
\c@subparagraph=\count85
\c@figure=\count86
\c@table=\count87
\abovecaptionskip=\skip41
\belowcaptionskip=\skip42
\bibindent=\dimen102
)
("C:\Program Files (x86)\MiKTeX 2.9\tex\latex\natbib\natbib.sty"
Package: natbib 2010/09/13 8.31b (PWD, AO)
\bibhang=\skip43
\bibsep=\skip44
LaTeX Info: Redefining \cite on input line 694.
\c@NAT@ctr=\count88
)
("C:\Program Files (x86)\MiKTeX 2.9\tex\generic\babel\babel.sty"
Package: babel 2016/01/08 3.9n The Babel package

*************************************
* Local config file bblopts.cfg used
*
("C:\Program Files (x86)\MiKTeX 2.9\tex\latex\00miktex\bblopts.cfg"
File: bblopts.cfg 2006/07/31 v1.0 MiKTeX 'babel' configuration
)
("C:\Program Files (x86)\MiKTeX 2.9\tex\latex\babel-english\english.ldf"
Language: english 2012/08/20 v3.3p English support from the babel system

("C:\Program Files (x86)\MiKTeX 2.9\tex\generic\babel\babel.def"
File: babel.def 2016/01/08 3.9n Babel common definitions
\babel@savecnt=\count89
\U@D=\dimen103
)
\l@canadian = a dialect from \language\l@american 
\l@australian = a dialect from \language\l@british 
\l@newzealand = a dialect from \language\l@british 
))
("C:\Program Files (x86)\MiKTeX 2.9\tex\latex\url\url.sty"
\Urlmuskip=\muskip10
Package: url 2013/09/16  ver 3.4  Verb mode for urls, etc.
)
("C:\Program Files (x86)\MiKTeX 2.9\tex\latex\graphics\graphicx.sty"
Package: graphicx 2014/10/28 v1.0g Enhanced LaTeX Graphics (DPC,SPQR)

("C:\Program Files (x86)\MiKTeX 2.9\tex\latex\graphics\keyval.sty"
Package: keyval 2014/10/28 v1.15 key=value parser (DPC)
\KV@toks@=\toks14
)
("C:\Program Files (x86)\MiKTeX 2.9\tex\latex\graphics\graphics.sty"
Package: graphics 2014/10/28 v1.0p Standard LaTeX Graphics (DPC,SPQR)

("C:\Program Files (x86)\MiKTeX 2.9\tex\latex\graphics\trig.sty"
Package: trig 1999/03/16 v1.09 sin cos tan (DPC)
)
("C:\Program Files (x86)\MiKTeX 2.9\tex\latex\00miktex\graphics.cfg"
File: graphics.cfg 2007/01/18 v1.5 graphics configuration of teTeX/TeXLive
)
Package graphics Info: Driver file: pdftex.def on input line 94.

("C:\Program Files (x86)\MiKTeX 2.9\tex\latex\pdftex-def\pdftex.def"
File: pdftex.def 2011/05/27 v0.06d Graphics/color for pdfTeX

("C:\Program Files (x86)\MiKTeX 2.9\tex\generic\oberdiek\infwarerr.sty"
Package: infwarerr 2010/04/08 v1.3 Providing info/warning/error messages (HO)
)
("C:\Program Files (x86)\MiKTeX 2.9\tex\generic\oberdiek\ltxcmds.sty"
Package: ltxcmds 2011/11/09 v1.22 LaTeX kernel commands for general use (HO)
)
\Gread@gobject=\count90
))
\Gin@req@height=\dimen104
\Gin@req@width=\dimen105
)
("C:\Program Files (x86)\MiKTeX 2.9\tex\latex\float\float.sty"
Package: float 2001/11/08 v1.3d Float enhancements (AL)
\c@float@type=\count91
\float@exts=\toks15
\float@box=\box26
\@float@everytoks=\toks16
\@floatcapt=\box27
)
(C:\Users\IainBenn\AppData\Roaming\MiKTeX\2.9\tex\latex\xcolor\xcolor.sty
Package: xcolor 2016/05/11 v2.12 LaTeX color extensions (UK)

("C:\Program Files (x86)\MiKTeX 2.9\tex\latex\00miktex\color.cfg"
File: color.cfg 2007/01/18 v1.5 color configuration of teTeX/TeXLive
)
Package xcolor Info: Driver file: pdftex.def on input line 225.

("C:\Program Files (x86)\MiKTeX 2.9\tex\latex\oberdiek\pdfcolmk.sty"
Package: pdfcolmk 2008/08/11 v1.2 Color support for pdfTeX via marks (HO)
Package pdfcolmk Info: The color stack of pdfTeX >= 1.40 is used. Therefore
(pdfcolmk)             this package is not necessary and not loaded.
)
Package xcolor Info: Model `cmy' substituted by `cmy0' on input line 1348.
Package xcolor Info: Model `hsb' substituted by `rgb' on input line 1352.
Package xcolor Info: Model `RGB' extended on input line 1364.
Package xcolor Info: Model `HTML' substituted by `rgb' on input line 1366.
Package xcolor Info: Model `Hsb' substituted by `hsb' on input line 1367.
Package xcolor Info: Model `tHsb' substituted by `hsb' on input line 1368.
Package xcolor Info: Model `HSB' substituted by `hsb' on input line 1369.
Package xcolor Info: Model `Gray' substituted by `gray' on input line 1370.
Package xcolor Info: Model `wave' substituted by `hsb' on input line 1371.

(C:\Users\IainBenn\AppData\Roaming\MiKTeX\2.9\tex\latex\xcolor\svgnam.def
File: svgnam.def 2016/05/11 v2.12 Predefined colors according to SVG 1.1 (UK)
))
("C:\Program Files (x86)\MiKTeX 2.9\tex\latex\hyperref\hyperref.sty"
Package: hyperref 2012/11/06 v6.83m Hypertext links for LaTeX

("C:\Program Files (x86)\MiKTeX 2.9\tex\generic\oberdiek\hobsub-hyperref.sty"
Package: hobsub-hyperref 2012/04/25 v1.12 Bundle oberdiek, subset hyperref (HO)


("C:\Program Files (x86)\MiKTeX 2.9\tex\generic\oberdiek\hobsub-generic.sty"
Package: hobsub-generic 2012/04/25 v1.12 Bundle oberdiek, subset generic (HO)
Package: hobsub 2012/04/25 v1.12 Construct package bundles (HO)
Package hobsub Info: Skipping package `infwarerr' (already loaded).
Package hobsub Info: Skipping package `ltxcmds' (already loaded).
Package: ifluatex 2010/03/01 v1.3 Provides the ifluatex switch (HO)
Package ifluatex Info: LuaTeX not detected.
Package: ifvtex 2010/03/01 v1.5 Detect VTeX and its facilities (HO)
Package ifvtex Info: VTeX not detected.
Package: intcalc 2007/09/27 v1.1 Expandable calculations with integers (HO)
Package: ifpdf 2011/01/30 v2.3 Provides the ifpdf switch (HO)
Package ifpdf Info: pdfTeX in PDF mode is detected.
Package: etexcmds 2011/02/16 v1.5 Avoid name clashes with e-TeX commands (HO)
Package etexcmds Info: Could not find \expanded.
(etexcmds)             That can mean that you are not using pdfTeX 1.50 or
(etexcmds)             that some package has redefined \expanded.
(etexcmds)             In the latter case, load this package earlier.
Package: kvsetkeys 2012/04/25 v1.16 Key value parser (HO)
Package: kvdefinekeys 2011/04/07 v1.3 Define keys (HO)
Package: pdftexcmds 2011/11/29 v0.20 Utility functions of pdfTeX for LuaTeX (HO
)
Package pdftexcmds Info: LuaTeX not detected.
Package pdftexcmds Info: \pdf@primitive is available.
Package pdftexcmds Info: \pdf@ifprimitive is available.
Package pdftexcmds Info: \pdfdraftmode found.
Package: pdfescape 2011/11/25 v1.13 Implements pdfTeX's escape features (HO)
Package: bigintcalc 2012/04/08 v1.3 Expandable calculations on big integers (HO
)
Package: bitset 2011/01/30 v1.1 Handle bit-vector datatype (HO)
Package: uniquecounter 2011/01/30 v1.2 Provide unlimited unique counter (HO)
)
Package hobsub Info: Skipping package `hobsub' (already loaded).
Package: letltxmacro 2010/09/02 v1.4 Let assignment for LaTeX macros (HO)
Package: hopatch 2011/06/24 v1.1 Wrapper for package hooks (HO)
Package: xcolor-patch 2011/01/30 xcolor patch
Package: atveryend 2011/06/30 v1.8 Hooks at the very end of document (HO)
Package atveryend Info: \enddocument detected (standard20110627).
Package: atbegshi 2011/10/05 v1.16 At begin shipout hook (HO)
Package: refcount 2011/10/16 v3.4 Data extraction from label references (HO)
Package: hycolor 2011/01/30 v1.7 Color options for hyperref/bookmark (HO)
)
("C:\Program Files (x86)\MiKTeX 2.9\tex\generic\ifxetex\ifxetex.sty"
Package: ifxetex 2010/09/12 v0.6 Provides ifxetex conditional
)
("C:\Program Files (x86)\MiKTeX 2.9\tex\latex\oberdiek\auxhook.sty"
Package: auxhook 2011/03/04 v1.3 Hooks for auxiliary files (HO)
)
("C:\Program Files (x86)\MiKTeX 2.9\tex\latex\oberdiek\kvoptions.sty"
Package: kvoptions 2011/06/30 v3.11 Key value format for package options (HO)
)
\@linkdim=\dimen106
\Hy@linkcounter=\count92
\Hy@pagecounter=\count93

("C:\Program Files (x86)\MiKTeX 2.9\tex\latex\hyperref\pd1enc.def"
File: pd1enc.def 2012/11/06 v6.83m Hyperref: PDFDocEncoding definition (HO)
)
\Hy@SavedSpaceFactor=\count94

("C:\Program Files (x86)\MiKTeX 2.9\tex\latex\00miktex\hyperref.cfg"
File: hyperref.cfg 2002/06/06 v1.2 hyperref configuration of TeXLive
)
Package hyperref Info: Option `colorlinks' set `true' on input line 4319.
Package hyperref Info: Hyper figures OFF on input line 4443.
Package hyperref Info: Link nesting OFF on input line 4448.
Package hyperref Info: Hyper index ON on input line 4451.
Package hyperref Info: Plain pages OFF on input line 4458.
Package hyperref Info: Backreferencing OFF on input line 4463.
Package hyperref Info: Implicit mode ON; LaTeX internals redefined.
Package hyperref Info: Bookmarks ON on input line 4688.
\c@Hy@tempcnt=\count95
LaTeX Info: Redefining \url on input line 5041.
\XeTeXLinkMargin=\dimen107
\Fld@menulength=\count96
\Field@Width=\dimen108
\Fld@charsize=\dimen109
Package hyperref Info: Hyper figures OFF on input line 6295.
Package hyperref Info: Link nesting OFF on input line 6300.
Package hyperref Info: Hyper index ON on input line 6303.
Package hyperref Info: backreferencing OFF on input line 6310.
Package hyperref Info: Link coloring ON on input line 6313.
Package hyperref Info: Link coloring with OCG OFF on input line 6320.
Package hyperref Info: PDF/A mode OFF on input line 6325.
LaTeX Info: Redefining \ref on input line 6365.
LaTeX Info: Redefining \pageref on input line 6369.
\Hy@abspage=\count97
\c@Item=\count98
\c@Hfootnote=\count99
)

Package hyperref Message: Driver (autodetected): hpdftex.

("C:\Program Files (x86)\MiKTeX 2.9\tex\latex\hyperref\hpdftex.def"
File: hpdftex.def 2012/11/06 v6.83m Hyperref driver for pdfTeX
\Fld@listcount=\count100
\c@bookmark@seq@number=\count101

("C:\Program Files (x86)\MiKTeX 2.9\tex\latex\oberdiek\rerunfilecheck.sty"
Package: rerunfilecheck 2011/04/15 v1.7 Rerun checks for auxiliary files (HO)
Package uniquecounter Info: New unique counter `rerunfilecheck' on input line 2
82.
)
\Hy@SectionHShift=\skip45
)
("C:\Program Files (x86)\MiKTeX 2.9\tex\latex\base\fontenc.sty"
Package: fontenc 2005/09/27 v1.99g Standard LaTeX package

("C:\Program Files (x86)\MiKTeX 2.9\tex\latex\base\t1enc.def"
File: t1enc.def 2005/09/27 v1.99g Standard LaTeX file
LaTeX Font Info:    Redeclaring font encoding T1 on input line 48.
))
("C:\Program Files (x86)\MiKTeX 2.9\tex\latex\tools\verbatim.sty"
Package: verbatim 2014/10/28 v1.5q LaTeX2e package for verbatim enhancements
\every@verbatim=\toks17
\verbatim@line=\toks18
\verbatim@in@stream=\read1
)
("C:\Program Files (x86)\MiKTeX 2.9\tex\latex\fancyhdr\fancyhdr.sty"
\fancy@headwidth=\skip46
\f@ncyO@elh=\skip47
\f@ncyO@erh=\skip48
\f@ncyO@olh=\skip49
\f@ncyO@orh=\skip50
\f@ncyO@elf=\skip51
\f@ncyO@erf=\skip52
\f@ncyO@olf=\skip53
\f@ncyO@orf=\skip54
)
("C:\Program Files (x86)\MiKTeX 2.9\tex\latex\caption\subcaption.sty"
Package: subcaption 2016/05/22 v1.1-161 Sub-captions (AR)

("C:\Program Files (x86)\MiKTeX 2.9\tex\latex\caption\caption.sty"
Package: caption 2016/02/21 v3.3-144 Customizing captions (AR)

("C:\Program Files (x86)\MiKTeX 2.9\tex\latex\caption\caption3.sty"
Package: caption3 2016/05/22 v1.7-166 caption3 kernel (AR)
Package caption3 Info: TeX engine: e-TeX on input line 67.
\captionmargin=\dimen110
\captionmargin@=\dimen111
\captionwidth=\dimen112
\caption@tempdima=\dimen113
\caption@indent=\dimen114
\caption@parindent=\dimen115
\caption@hangindent=\dimen116
)
\c@ContinuedFloat=\count102
Package caption Info: float package is loaded.
Package caption Info: hyperref package is loaded.
)
\c@subfigure=\count103
\c@subtable=\count104
)
("C:\Program Files (x86)\MiKTeX 2.9\tex\latex\setspace\setspace.sty"
Package: setspace 2011/12/19 v6.7a set line spacing
)
("C:\Program Files (x86)\MiKTeX 2.9\tex\latex\mathtools\mathtools.sty"
Package: mathtools 2015/11/12 v1.18 mathematical typesetting tools

("C:\Program Files (x86)\MiKTeX 2.9\tex\latex\tools\calc.sty"
Package: calc 2014/10/28 v4.3 Infix arithmetic (KKT,FJ)
\calc@Acount=\count105
\calc@Bcount=\count106
\calc@Adimen=\dimen117
\calc@Bdimen=\dimen118
\calc@Askip=\skip55
\calc@Bskip=\skip56
LaTeX Info: Redefining \setlength on input line 80.
LaTeX Info: Redefining \addtolength on input line 81.
\calc@Ccount=\count107
\calc@Cskip=\skip57
)
("C:\Program Files (x86)\MiKTeX 2.9\tex\latex\mathtools\mhsetup.sty"
Package: mhsetup 2010/01/21 v1.2a programming setup (MH)
)
("C:\Program Files (x86)\MiKTeX 2.9\tex\latex\amsmath\amsmath.sty"
Package: amsmath 2013/01/14 v2.14 AMS math features
\@mathmargin=\skip58

For additional information on amsmath, use the `?' option.
("C:\Program Files (x86)\MiKTeX 2.9\tex\latex\amsmath\amstext.sty"
Package: amstext 2000/06/29 v2.01

("C:\Program Files (x86)\MiKTeX 2.9\tex\latex\amsmath\amsgen.sty"
File: amsgen.sty 1999/11/30 v2.0
\@emptytoks=\toks19
\ex@=\dimen119
))
("C:\Program Files (x86)\MiKTeX 2.9\tex\latex\amsmath\amsbsy.sty"
Package: amsbsy 1999/11/29 v1.2d
\pmbraise@=\dimen120
)
("C:\Program Files (x86)\MiKTeX 2.9\tex\latex\amsmath\amsopn.sty"
Package: amsopn 1999/12/14 v2.01 operator names
)
\inf@bad=\count108
LaTeX Info: Redefining \frac on input line 210.
\uproot@=\count109
\leftroot@=\count110
LaTeX Info: Redefining \overline on input line 306.
\classnum@=\count111
\DOTSCASE@=\count112
LaTeX Info: Redefining \ldots on input line 378.
LaTeX Info: Redefining \dots on input line 381.
LaTeX Info: Redefining \cdots on input line 466.
\Mathstrutbox@=\box28
\strutbox@=\box29
\big@size=\dimen121
LaTeX Font Info:    Redeclaring font encoding OML on input line 566.
LaTeX Font Info:    Redeclaring font encoding OMS on input line 567.
\macc@depth=\count113
\c@MaxMatrixCols=\count114
\dotsspace@=\muskip11
\c@parentequation=\count115
\dspbrk@lvl=\count116
\tag@help=\toks20
\row@=\count117
\column@=\count118
\maxfields@=\count119
\andhelp@=\toks21
\eqnshift@=\dimen122
\alignsep@=\dimen123
\tagshift@=\dimen124
\tagwidth@=\dimen125
\totwidth@=\dimen126
\lineht@=\dimen127
\@envbody=\toks22
\multlinegap=\skip59
\multlinetaggap=\skip60
\mathdisplay@stack=\toks23
LaTeX Info: Redefining \[ on input line 2665.
LaTeX Info: Redefining \] on input line 2666.
)
LaTeX Info: Thecontrolsequence`\('isalreadyrobust on input line 129.
LaTeX Info: Thecontrolsequence`\)'isalreadyrobust on input line 129.
LaTeX Info: Thecontrolsequence`\['isalreadyrobust on input line 129.
LaTeX Info: Thecontrolsequence`\]'isalreadyrobust on input line 129.
\g_MT_multlinerow_int=\count120
\l_MT_multwidth_dim=\dimen128
\origjot=\skip61
\l_MT_shortvdotswithinadjustabove_dim=\dimen129
\l_MT_shortvdotswithinadjustbelow_dim=\dimen130
\l_MT_above_intertext_sep=\dimen131
\l_MT_below_intertext_sep=\dimen132
\l_MT_above_shortintertext_sep=\dimen133
\l_MT_below_shortintertext_sep=\dimen134
)
("C:\Program Files (x86)\MiKTeX 2.9\tex\latex\amsfonts\amssymb.sty"
Package: amssymb 2013/01/14 v3.01 AMS font symbols

("C:\Program Files (x86)\MiKTeX 2.9\tex\latex\amsfonts\amsfonts.sty"
Package: amsfonts 2013/01/14 v3.01 Basic AMSFonts support
\symAMSa=\mathgroup4
\symAMSb=\mathgroup5
LaTeX Font Info:    Overwriting math alphabet `\mathfrak' in version `bold'
(Font)                  U/euf/m/n --> U/euf/b/n on input line 106.
))
("C:\Program Files (x86)\MiKTeX 2.9\tex\latex\geometry\geometry.sty"
Package: geometry 2010/09/12 v5.6 Page Geometry
\Gm@cnth=\count121
\Gm@cntv=\count122
\c@Gm@tempcnt=\count123
\Gm@bindingoffset=\dimen135
\Gm@wd@mp=\dimen136
\Gm@odd@mp=\dimen137
\Gm@even@mp=\dimen138
\Gm@layoutwidth=\dimen139
\Gm@layoutheight=\dimen140
\Gm@layouthoffset=\dimen141
\Gm@layoutvoffset=\dimen142
\Gm@dimlist=\toks24

("C:\Program Files (x86)\MiKTeX 2.9\tex\latex\geometry\geometry.cfg"))
("C:\Program Files (x86)\MiKTeX 2.9\tex\latex\ntheorem\ntheorem.sty"
Style `ntheorem', Version 1.33 <2011/08/15>
Package: ntheorem 2011/08/15 1.33
("C:\Program Files (x86)\MiKTeX 2.9\tex\latex\base\ifthen.sty"
Package: ifthen 2014/09/29 v1.1c Standard LaTeX ifthen package (DPC)
)
\theorem@style=\toks25
\theorem@@style=\toks26
\theorembodyfont=\toks27
\theoremnumbering=\toks28
\theorempreskipamount=\skip62
\theorempostskipamount=\skip63
\theoremframepreskipamount=\skip64
\theoremframepostskipamount=\skip65
\theoreminframepreskipamount=\skip66
\theoreminframepostskipamount=\skip67
\theorem@preskip=\toks29
\theorem@postskip=\toks30
\theorem@framepreskip=\toks31
\theorem@framepostskip=\toks32
\theorem@inframepreskip=\toks33
\theorem@inframepostskip=\toks34
\theoremindent=\dimen143
\theorem@indent=\dimen144
\theoremrightindent=\dimen145
\theorem@rightindent=\dimen146
\theoremheaderfont=\toks35
\theoremseparator=\toks36
\theoremprework=\toks37
\theorempostwork=\toks38
\theoremsymbol=\toks39
\qedsymbol=\toks40
\theoremkeyword=\toks41
\qedsymbol=\toks42
\thm@topsep=\skip68
\thm@topsepadd=\skip69
Package ntheorem Info: Option `thmmarks' loaded on input line 1175.
\c@endNonectr=\count124
\c@currNonectr=\count125
\mysavskip=\skip70
Package ntheorem Info: option `amsmath' handling for `thmmarks' loaded on input
 line 1175.
\thm@amstmpdepth=\dimen147
\tagwidth=\dimen148
)
("C:\Program Files (x86)\MiKTeX 2.9\tex\latex\multirow\multirow.sty"
\bigstrutjot=\dimen149
)
("C:\Program Files (x86)\MiKTeX 2.9\tex\latex\fancyvrb\fancyvrb.sty"
Package: fancyvrb 2008/02/07

Style option: `fancyvrb' v2.7a, with DG/SPQR fixes, and firstline=lastline fix 
<2008/02/07> (tvz)
\FV@CodeLineNo=\count126
\FV@InFile=\read2
\FV@TabBox=\box30
\c@FancyVerbLine=\count127
\FV@StepNumber=\count128
\FV@OutFile=\write3
)
("C:\Program Files (x86)\MiKTeX 2.9\tex\latex\pdfpages\pdfpages.sty"
Package: pdfpages 2016/04/19 v0.5f Insert pages of external PDF documents (AM)

("C:\Program Files (x86)\MiKTeX 2.9\tex\latex\eso-pic\eso-pic.sty"
Package: eso-pic 2015/07/21 v2.0g eso-pic (RN)
)
\AM@pagewidth=\dimen150
\AM@pageheight=\dimen151

("C:\Program Files (x86)\MiKTeX 2.9\tex\latex\pdfpages\pppdftex.def"
File: pppdftex.def 2016/04/19 v0.5f Pdfpages driver for pdfTeX (AM)
)
\AM@pagebox=\box31
\AM@global@opts=\toks43
\AM@toc@title=\toks44
\c@AM@survey=\count129
\AM@templatesizebox=\box32
)
("C:\Program Files (x86)\MiKTeX 2.9\tex\latex\rotating\rotating.sty"
Package: rotating 2009/03/28 v2.16a rotated objects in LaTeX
\c@r@tfl@t=\count130
\rotFPtop=\skip71
\rotFPbot=\skip72
\rot@float@box=\box33
\rot@mess@toks=\toks45
)
\c@currtheoremctr=\count131
\c@endtheoremctr=\count132
\c@theorem=\count133
\c@currexactr=\count134
\c@endexactr=\count135
\c@exa=\count136
\c@currcorollaryctr=\count137
\c@endcorollaryctr=\count138
\c@currlemmactr=\count139
\c@endlemmactr=\count140
\c@currpropositionctr=\count141
\c@endpropositionctr=\count142
\c@currdefinitionctr=\count143
\c@enddefinitionctr=\count144
\c@currremarkctr=\count145
\c@endremarkctr=\count146
\c@currnotationctr=\count147
\c@endnotationctr=\count148
\c@currassumptionctr=\count149
\c@endassumptionctr=\count150
\c@currconjecturectr=\count151
\c@endconjecturectr=\count152

(BENNETT-IT.aux (ThesisFrontPage.aux) (ThesisAbstract.aux)
(ThesisAcknowledgements.aux) (chap_intro.aux) (chap_methrev.aux)
(chap_sim_design.aux) (chap_sim2.aux) (chap_sim3.aux) (chap_con.aux)
(app_allres.aux) (app_R.aux) (app_genweib.aux) (app_sim2res.aux)
(app_sim3res.aux))
\openout1 = `BENNETT-IT.aux'.

LaTeX Font Info:    Checking defaults for OML/cmm/m/it on input line 66.
LaTeX Font Info:    ... okay on input line 66.
LaTeX Font Info:    Checking defaults for T1/cmr/m/n on input line 66.
LaTeX Font Info:    ... okay on input line 66.
LaTeX Font Info:    Checking defaults for OT1/cmr/m/n on input line 66.
LaTeX Font Info:    ... okay on input line 66.
LaTeX Font Info:    Checking defaults for OMS/cmsy/m/n on input line 66.
LaTeX Font Info:    ... okay on input line 66.
LaTeX Font Info:    Checking defaults for OMX/cmex/m/n on input line 66.
LaTeX Font Info:    ... okay on input line 66.
LaTeX Font Info:    Checking defaults for U/cmr/m/n on input line 66.
LaTeX Font Info:    ... okay on input line 66.
LaTeX Font Info:    Checking defaults for PD1/pdf/m/n on input line 66.
LaTeX Font Info:    ... okay on input line 66.
LaTeX Font Info:    Try loading font information for T1+put on input line 66.
 ("C:\Program Files (x86)\MiKTeX 2.9\tex\latex\psnfss\t1put.fd"
File: t1put.fd 2001/06/04 font definitions for T1/put.
) ("C:\Program Files (x86)\MiKTeX 2.9\tex\context\base\supp-pdf.mkii"
[Loading MPS to PDF converter (version 2006.09.02).]
\scratchcounter=\count153
\scratchdimen=\dimen152
\scratchbox=\box34
\nofMPsegments=\count154
\nofMParguments=\count155
\everyMPshowfont=\toks46
\MPscratchCnt=\count156
\MPscratchDim=\dimen153
\MPnumerator=\count157
\makeMPintoPDFobject=\count158
\everyMPtoPDFconversion=\toks47
)
\AtBeginShipoutBox=\box35
Package hyperref Info: Link coloring ON on input line 66.
 ("C:\Program Files (x86)\MiKTeX 2.9\tex\latex\hyperref\nameref.sty"
Package: nameref 2012/10/27 v2.43 Cross-referencing by name of section

("C:\Program Files (x86)\MiKTeX 2.9\tex\generic\oberdiek\gettitlestring.sty"
Package: gettitlestring 2010/12/03 v1.4 Cleanup title references (HO)
)
\c@section@level=\count159
)
LaTeX Info: Redefining \ref on input line 66.
LaTeX Info: Redefining \pageref on input line 66.
LaTeX Info: Redefining \nameref on input line 66.

(BENNETT-IT.out) (BENNETT-IT.out)
\@outlinefile=\write4
\openout4 = `BENNETT-IT.out'.

Package caption Info: Begin \AtBeginDocument code.
Package caption Info: rotating package is loaded.
Package caption Info: End \AtBeginDocument code.

*geometry* detected driver: pdftex
*geometry* verbose mode - [ preamble ] result:
* driver: pdftex
* paper: a4paper
* layout: <same size as paper>
* layoutoffset:(h,v)=(0.0pt,0.0pt)
* modes: twoside 
* h-part:(L,W,R)=(92.35826pt, 424.79135pt, 80.35826pt)
* v-part:(T,H,B)=(99.58464pt, 645.87756pt, 99.58464pt)
* \paperwidth=597.50787pt
* \paperheight=845.04684pt
* \textwidth=424.79135pt
* \textheight=645.87756pt
* \oddsidemargin=20.08827pt
* \evensidemargin=8.08827pt
* \topmargin=-9.68535pt
* \headheight=12.0pt
* \headsep=25.0pt
* \topskip=12.0pt
* \footskip=30.0pt
* \marginparwidth=85.0pt
* \marginparsep=10.0pt
* \columnsep=10.0pt
* \skip\footins=10.8pt plus 4.0pt minus 2.0pt
* \hoffset=0.0pt
* \voffset=0.0pt
* \mag=1000
* \@twocolumnfalse
* \@twosidetrue
* \@mparswitchtrue
* \@reversemarginfalse
* (1in=72.27pt=25.4mm, 1cm=28.453pt)

("C:\Program Files (x86)\MiKTeX 2.9\tex\latex\oberdiek\pdflscape.sty"
Package: pdflscape 2008/08/11 v0.10 Display of landscape pages in PDF (HO)

("C:\Program Files (x86)\MiKTeX 2.9\tex\latex\graphics\lscape.sty"
Package: lscape 2000/10/22 v3.01 Landscape Pages (DPC)
)
Package pdflscape Info: Auto-detected driver: pdftex on input line 80.
)
\openout2 = `ThesisFrontPage.aux'.


(ThesisFrontPage.tex
LaTeX Font Info:    Font shape `T1/put/bx/n' in size <20.74> not available
(Font)              Font shape `T1/put/b/n' tried instead on input line 5.
LaTeX Font Info:    Font shape `T1/put/bx/n' in size <17.28> not available
(Font)              Font shape `T1/put/b/n' tried instead on input line 11.
LaTeX Font Info:    Font shape `T1/put/bx/n' in size <14.4> not available
(Font)              Font shape `T1/put/b/n' tried instead on input line 19.

<tuoslogo_key_cmyk_med.jpg, id=383, 260.172pt x 104.0688pt>
File: tuoslogo_key_cmyk_med.jpg Graphic file (type jpg)

<use tuoslogo_key_cmyk_med.jpg>
Package pdftex.def Info: tuoslogo_key_cmyk_med.jpg used on input line 27.
(pdftex.def)             Requested size: 270.30118pt x 108.12578pt.
) [1


{C:/Users/IainBenn/AppData/Local/MiKTeX/2.9/pdftex/config/pdftex.map} <./tuoslo
go_key_cmyk_med.jpg>]
\openout2 = `ThesisAbstract.aux'.

 (ThesisAbstract.tex
Underfull \hbox (badness 10000) in paragraph at lines 3--4

 []


Underfull \hbox (badness 10000) in paragraph at lines 5--6

 []


Underfull \hbox (badness 10000) in paragraph at lines 7--8

 []

) [1


]
\openout2 = `ThesisAcknowledgements.aux'.

 (ThesisAcknowledgements.tex) [2


]
LaTeX Font Info:    Font shape `T1/put/bx/n' in size <24.88> not available
(Font)              Font shape `T1/put/b/n' tried instead on input line 79.
 (BENNETT-IT.toc
LaTeX Font Info:    Font shape `T1/put/bx/n' in size <12> not available
(Font)              Font shape `T1/put/b/n' tried instead on input line 2.
LaTeX Font Info:    Try loading font information for U+msa on input line 3.

("C:\Program Files (x86)\MiKTeX 2.9\tex\latex\amsfonts\umsa.fd"
File: umsa.fd 2013/01/14 v3.01 AMS symbols A
)
LaTeX Font Info:    Try loading font information for U+msb on input line 3.

("C:\Program Files (x86)\MiKTeX 2.9\tex\latex\amsfonts\umsb.fd"
File: umsb.fd 2013/01/14 v3.01 AMS symbols B
) [3


] [4]
Overfull \hbox (0.47969pt too wide) detected at line 113
 []\T1/put/m/n/12 102
 []


Overfull \hbox (0.47969pt too wide) detected at line 115
 []\T1/put/m/n/12 105
 []


Overfull \hbox (0.47969pt too wide) detected at line 116
 []\T1/put/m/n/12 106
 []


Overfull \hbox (0.47969pt too wide) detected at line 117
 []\T1/put/m/n/12 107
 []


Overfull \hbox (0.47969pt too wide) detected at line 118
 []\T1/put/m/n/12 109
 []

[5]
Overfull \hbox (0.47969pt too wide) detected at line 120
 []\T1/put/m/n/12 114
 []

)
\tf@toc=\write5
\openout5 = `BENNETT-IT.toc'.

LaTeX Font Info:    Try loading font information for T1+cmss on input line 96.
 ("C:\Program Files (x86)\MiKTeX 2.9\tex\latex\base\t1cmss.fd"
File: t1cmss.fd 2014/09/29 v2.5h Standard LaTeX font definitions
)pdfTeX warning (ext4): destination with the same identifier (name{page.1}) has
 been already used, duplicate ignored
<to be read again> 
                   \relax 
l.96 \include{chap_intro}
                          [1]
\openout2 = `chap_intro.aux'.

 (chap_intro.tex
Chapter 1.
[2


]
Overfull \hbox (10.91307pt too wide) in paragraph at lines 18--19
[][]\T1/put/m/n/12 Ananthakrishnan and Menon[][] ([][]2013[][]) define the main
 ef-fic-acy out-comes ex-amined
 []

LaTeX Font Info:    Try loading font information for OMS+put on input line 21.
("C:\Program Files (x86)\MiKTeX 2.9\tex\latex\psnfss\omsput.fd"
File: omsput.fd 
)
LaTeX Font Info:    Font shape `OMS/put/m/n' in size <12> not available
(Font)              Font shape `OMS/cmsy/m/n' tried instead on input line 21.

Overfull \hbox (5.83516pt too wide) in paragraph at lines 21--22
[]\T1/put/m/n/12 ``Overall sur-vival (OS) is defined as the time from ran-dom-i
z-a-tion un-til death
 []

[3]
Overfull \hbox (2.05577pt too wide) in paragraph at lines 38--39
[]\T1/put/m/n/12 BREAK-3 a trial in meta-static melan-oma ``Pa-tients in the da
-car-bazine [con-
 []

[4]
Overfull \hbox (4.35915pt too wide) in paragraph at lines 50--51
\T1/put/m/n/12 lowed to cross over to re-ceive vemuraf-enib [ex-per-i-mental th
er-apy]''. ([][]Chap-
 []

[5]
Overfull \hbox (18.15971pt too wide) in paragraph at lines 93--117
 [][] 
 []

<images/chap_intro/intro_pfsandpps.png, id=589, 650.43pt x 445.665pt>
File: images/chap_intro/intro_pfsandpps.png Graphic file (type png)

<use images/chap_intro/intro_pfsandpps.png>
Package pdftex.def Info: images/chap_intro/intro_pfsandpps.png used on input li
ne 124.
(pdftex.def)             Requested size: 398.33858pt x 272.9433pt.
 [6] [7 <./images/chap_intro/intro_pfsandpps.png>] [8

]
<images/chap_intro/intro_extrapol.png, id=629, 722.7pt x 433.62pt>
File: images/chap_intro/intro_extrapol.png Graphic file (type png)

<use images/chap_intro/intro_extrapol.png>
Package pdftex.def Info: images/chap_intro/intro_extrapol.png used on input lin
e 152.
(pdftex.def)             Requested size: 398.33858pt x 239.0012pt.
 [9] [10 <./images/chap_intro/intro_extrapol.png>]
Overfull \hbox (13.5162pt too wide) in paragraph at lines 172--173
[][]\T1/put/m/n/12 Ciani \T1/put/m/it/12 et al.[][] \T1/put/m/n/12 ([][]2014[][
]) have done a re-view of stud-ies ex-amin-ing the cor-rel-a-tion between
 []

) [11] [12]
\openout2 = `chap_methrev.aux'.

 (chap_methrev.tex
Chapter 2.

Underfull \vbox (badness 10000) has occurred while \output is active []

 [13



]
Overfull \hbox (0.54485pt too wide) in paragraph at lines 18--19
\T1/put/m/n/12 For this ana-lysis pa-tients who switch are ex-cluded from the a
na-lysis. This breaks
 []


Overfull \hbox (4.97049pt too wide) in paragraph at lines 24--25
[]\T1/put/m/n/12 [the time-dependent Cox pro-por-tional haz-ards model] ap-proa
ch may
 []

[14] [15] [16]
Overfull \hbox (6.75433pt too wide) in paragraph at lines 67--67
[]\T1/put/b/n/17.28 Rank Pre-serving Struc-tural Fail-ure Time (RPSFT)
 []


Overfull \hbox (3.01102pt too wide) in paragraph at lines 73--74
[]$\OML/cmm/m/it/12 V[]$ \T1/put/m/n/12 which is their ``counter-factual'' sur-
vival time un-der some dif-fer-ent treat-
 []

[17] [18]
Overfull \hbox (2.52382pt too wide) in paragraph at lines 106--107
[]\T1/put/m/n/12 Compare the lat-ent sur-vival times as ran-dom-ized with a sui
t-able test (com-
 []

<images/chap_methrev/example_g_est.png, id=827, 1011.78pt x 722.7pt>
File: images/chap_methrev/example_g_est.png Graphic file (type png)

<use images/chap_methrev/example_g_est.png>
Package pdftex.def Info: images/chap_methrev/example_g_est.png used on input li
ne 113.
(pdftex.def)             Requested size: 369.88582pt x 264.20786pt.
 [19]
Overfull \hbox (12.24419pt too wide) in paragraph at lines 126--127
[][]\T1/put/m/n/12 White \T1/put/m/it/12 et al.[][] \T1/put/m/n/12 ([][]1999[][
]) and [][]White \T1/put/m/it/12 et al.[][] \T1/put/m/n/12 ([][]2002[][]) iden-
ti-fied a chal-lenge in the g-estimation
 []

[20 <./images/chap_methrev/example_g_est.png>] [21]
Overfull \hbox (3.35265pt too wide) in paragraph at lines 162--163
\T1/put/m/n/12 With this ap-proach the time ac-tu-ally on ex-per-i-mental treat
-ment is used to define
 []


Underfull \vbox (badness 10000) has occurred while \output is active []

 [22]
[23] [24]
Overfull \hbox (4.15375pt too wide) in paragraph at lines 220--221
[]\T1/put/m/n/12 For the con-trol arm noth-ing changes and for the the ``treat-
ment group'' model
 []

<images/chap_methrev/example_cfact.png, id=938, 867.24pt x 505.89pt>
File: images/chap_methrev/example_cfact.png Graphic file (type png)

<use images/chap_methrev/example_cfact.png>
Package pdftex.def Info: images/chap_methrev/example_cfact.png used on input li
ne 224.
(pdftex.def)             Requested size: 426.79134pt x 248.96123pt.

Overfull \hbox (1.99998pt too wide) in paragraph at lines 224--225
 [][] 
 []


Overfull \hbox (3.2087pt too wide) in paragraph at lines 240--241
[][]\T1/put/m/n/12 Branson and White-head[][] ([][]2002[][]) pro-pose an-other 
ran-dom-iz-a-tion based ap-proach
 []

[25]
Underfull \vbox (badness 10000) has occurred while \output is active []

 [26 <./images/chap_methrev/example_cfact.png>]
Overfull \hbox (1.65764pt too wide) in paragraph at lines 259--260
[][]\T1/put/m/n/12 Branson and White-head[][] ([][]2002[][]) claim, that un-lik
e RPSFT, ``IPE re-quires re-censor-
 []

[27]
Overfull \hbox (6.82013pt too wide) in paragraph at lines 277--278
\T1/put/m/n/12 ad-just-ing for other co-v-ari-ates meas-ured at the ``second ba
seline'' in an AFT model
 []

[28] [29]
Overfull \hbox (2.22437pt too wide) in paragraph at lines 310--311
[][]\T1/put/m/n/12 Latimer \T1/put/m/it/12 et al.[][] \T1/put/m/n/12 ([][]2016[
][]) note that con-fid-ence in-ter-vals need to be es-tim-ated through
 []

) [30]
\openout2 = `chap_sim_design.aux'.

 (chap_sim_design.tex
Chapter 3.
[31



] <images/chap_simdesign/sim1corr.png, id=1047, 3613.5pt x 5420.25pt>
File: images/chap_simdesign/sim1corr.png Graphic file (type png)

<use images/chap_simdesign/sim1corr.png>
Package pdftex.def Info: images/chap_simdesign/sim1corr.png used on input line 
27.
(pdftex.def)             Requested size: 284.52756pt x 426.76425pt.


LaTeX Warning: `!h' float specifier changed to `!ht'.

[32] [33 <./images/chap_simdesign/sim1corr.png>]
<images/chap_simdesign/PFSOScor.png, id=1066, 2409.0pt x 2409.0pt>
File: images/chap_simdesign/PFSOScor.png Graphic file (type png)

<use images/chap_simdesign/PFSOScor.png>
Package pdftex.def Info: images/chap_simdesign/PFSOScor.png used on input line 
38.
(pdftex.def)             Requested size: 227.62204pt x 227.60759pt.
 [34

 <./images/chap_simdesign/PFSOScor.png>] [35]
<images/chap_simdesign/simTrtEff.png, id=1079, 625.58719pt x 272.51813pt>
File: images/chap_simdesign/simTrtEff.png Graphic file (type png)

<use images/chap_simdesign/simTrtEff.png>
Package pdftex.def Info: images/chap_simdesign/simTrtEff.png used on input line
 65.
(pdftex.def)             Requested size: 341.43306pt x 148.73773pt.
 [36

 <./images/chap_simdesign/simTrtEff.png>]
LaTeX Font Info:    Try loading font information for T1+cmtt on input line 85.
 ("C:\Program Files (x86)\MiKTeX 2.9\tex\latex\base\t1cmtt.fd"
File: t1cmtt.fd 2014/09/29 v2.5h Standard LaTeX font definitions
)
<images/chap_simdesign/examplekm.png, id=1087, 1011.78pt x 1445.4pt>
File: images/chap_simdesign/examplekm.png Graphic file (type png)

<use images/chap_simdesign/examplekm.png>
Package pdftex.def Info: images/chap_simdesign/examplekm.png used on input line
 109.
(pdftex.def)             Requested size: 341.43306pt x 487.76837pt.


LaTeX Warning: `!h' float specifier changed to `!ht'.

[37

] [38 <./images/chap_simdesign/examplekm.png>] [39

]
Overfull \hbox (9.1002pt too wide) in paragraph at lines 149--150
\T1/put/m/n/12 noted pre-vi-ously to sim-plify the gen-er-at-ing pro-ced-ure th
e time to first and second
 []


Underfull \vbox (badness 10000) has occurred while \output is active []

 [40]
[41] [42] <images/chap_sim1/p_switch.png, id=1173, 722.7pt x 578.16pt>
File: images/chap_sim1/p_switch.png Graphic file (type png)

<use images/chap_sim1/p_switch.png>
Package pdftex.def Info: images/chap_sim1/p_switch.png used on input line 240.
(pdftex.def)             Requested size: 284.52756pt x 227.62523pt.
) [43 <./images/chap_sim1/p_switch.png>]
\openout2 = `chap_sim2.aux'.


(chap_sim2.tex
Chapter 4.

Underfull \vbox (badness 10000) has occurred while \output is active []

 [44



]
Overfull \hbox (4.6833pt too wide) in paragraph at lines 43--44
\T1/put/m/n/12 the ob-served data cen-sor-ing pa-tients who switch at the time 
of their switch. 
 []


Underfull \vbox (badness 1609) has occurred while \output is active []

 [45]
Overfull \hbox (6.41197pt too wide) in paragraph at lines 58--59
\T1/put/m/n/12 To ap-ply the two-stage AFT method it is ne-ces-sary to define a
 sec-ond-ary baseline.
 []

[46] [47] (tables/t_sim2res.tex) [48]
<images/chap_sim2/simple_bias.png, id=1245, 1011.78pt x 1445.4pt>
File: images/chap_sim2/simple_bias.png Graphic file (type png)

<use images/chap_sim2/simple_bias.png>
Package pdftex.def Info: images/chap_sim2/simple_bias.png used on input line 11
6.
(pdftex.def)             Requested size: 369.88582pt x 528.41574pt.


LaTeX Warning: Float too large for page by 23.03816pt on input line 118.

[49]
Overfull \hbox (9.74767pt too wide) in paragraph at lines 128--129
\T1/put/m/n/12 to pro-gres-sion and over-all sur-vival is in-tro-duced the mode
l ex-clud-ing PFS (2SAFT-
 []

<images/chap_sim2/complex_bias.png, id=1259, 1011.78pt x 1445.4pt>
File: images/chap_sim2/complex_bias.png Graphic file (type png)

<use images/chap_sim2/complex_bias.png>
Package pdftex.def Info: images/chap_sim2/complex_bias.png used on input line 1
32.
(pdftex.def)             Requested size: 369.88582pt x 528.41574pt.

<images/chap_sim2/2saft_bias.png, id=1260, 1011.78pt x 1445.4pt>
File: images/chap_sim2/2saft_bias.png Graphic file (type png)

<use images/chap_sim2/2saft_bias.png>
Package pdftex.def Info: images/chap_sim2/2saft_bias.png used on input line 138
.
(pdftex.def)             Requested size: 369.88582pt x 528.41574pt.
 [50] [51 <./images/chap_sim2/simple_bias.png>] [52 <./images/chap_sim2/complex
_bias.png>] [53 <./images/chap_sim2/2saft_bias.png>] <images/chap_sim2/simple_c
ov.png, id=1285, 1011.78pt x 1445.4pt>
File: images/chap_sim2/simple_cov.png Graphic file (type png)

<use images/chap_sim2/simple_cov.png>
Package pdftex.def Info: images/chap_sim2/simple_cov.png used on input line 156
.
(pdftex.def)             Requested size: 369.88582pt x 528.41574pt.

<images/chap_sim2/complex_cov.png, id=1286, 1011.78pt x 1445.4pt>
File: images/chap_sim2/complex_cov.png Graphic file (type png)

<use images/chap_sim2/complex_cov.png>
Package pdftex.def Info: images/chap_sim2/complex_cov.png used on input line 16
2.
(pdftex.def)             Requested size: 369.88582pt x 528.41574pt.
 [54

] [55 <./images/chap_sim2/simple_cov.png>] [56 <./images/chap_sim2/complex_cov.
png>]
<images/chap_sim2/complex_conv.png, id=1308, 1011.78pt x 1445.4pt>
File: images/chap_sim2/complex_conv.png Graphic file (type png)

<use images/chap_sim2/complex_conv.png>
Package pdftex.def Info: images/chap_sim2/complex_conv.png used on input line 1
71.
(pdftex.def)             Requested size: 369.88582pt x 528.41574pt.


LaTeX Warning: Float too large for page by 37.53816pt on input line 173.


LaTeX Warning: `!h' float specifier changed to `!ht'.

[57

] [58 <./images/chap_sim2/complex_conv.png>]
Overfull \hbox (10.23741pt too wide) in paragraph at lines 184--185
[]\T1/put/m/n/12 As seen with the sim-u-la-tion study from [][]Morden \T1/put/m
/it/12 et al.[][] \T1/put/m/n/12 ([][]2011[][]) the RPSFT method
 []


Overfull \hbox (6.92484pt too wide) in paragraph at lines 186--187
[]\T1/put/m/n/12 The two-stage AFT method per-forms quite well in this sim-u-la
-tion study show-
 []

) [59

]
\openout2 = `chap_sim3.aux'.

 (chap_sim3.tex
Chapter 5.

Overfull \hbox (20.15869pt too wide) in paragraph at lines 13--32
 [][] 
 []

[60



] [61] <images/chap_sim3/truehr.png, id=1357, 650.43pt x 505.89pt>
File: images/chap_sim3/truehr.png Graphic file (type png)

<use images/chap_sim3/truehr.png>
Package pdftex.def Info: images/chap_sim3/truehr.png used on input line 51.
(pdftex.def)             Requested size: 256.0748pt x 199.17207pt.

<images/chap_sim3/badsearch.png, id=1367, 1011.78pt x 505.89pt>
File: images/chap_sim3/badsearch.png Graphic file (type png)

<use images/chap_sim3/badsearch.png>
Package pdftex.def Info: images/chap_sim3/badsearch.png used on input line 64.
(pdftex.def)             Requested size: 369.88582pt x 184.9455pt.

Underfull \vbox (badness 1478) has occurred while \output is active []

 [62 <./images/chap_sim3/truehr.png>]
<images/chap_sim3/conv_cdf.png, id=1374, 1011.78pt x 1445.4pt>
File: images/chap_sim3/conv_cdf.png Graphic file (type png)

<use images/chap_sim3/conv_cdf.png>
Package pdftex.def Info: images/chap_sim3/conv_cdf.png used on input line 70.
(pdftex.def)             Requested size: 369.88582pt x 528.41574pt.
 [63 <./images/chap_sim3/badsearch.png>]
[64 <./images/chap_sim3/conv_cdf.png>] (tables/t_sim3res.tex) [65

]
<images/chap_sim3/comp_conv.png, id=1397, 1011.78pt x 1445.4pt>
File: images/chap_sim3/comp_conv.png Graphic file (type png)

<use images/chap_sim3/comp_conv.png>
Package pdftex.def Info: images/chap_sim3/comp_conv.png used on input line 96.
(pdftex.def)             Requested size: 369.88582pt x 528.41574pt.


LaTeX Warning: Float too large for page by 52.03816pt on input line 98.

[66

] [67 <./images/chap_sim3/comp_conv.png>]
<images/chap_sim3/simple_bias.png, id=1410, 1011.78pt x 1445.4pt>
File: images/chap_sim3/simple_bias.png Graphic file (type png)

<use images/chap_sim3/simple_bias.png>
Package pdftex.def Info: images/chap_sim3/simple_bias.png used on input line 11
5.
(pdftex.def)             Requested size: 369.88582pt x 528.41574pt.


LaTeX Warning: Float too large for page by 8.53816pt on input line 117.

[68

] [69 <./images/chap_sim3/simple_bias.png>]
<images/chap_sim3/comp_bias12.png, id=1426, 1011.78pt x 1011.78pt>
File: images/chap_sim3/comp_bias12.png Graphic file (type png)

<use images/chap_sim3/comp_bias12.png>
Package pdftex.def Info: images/chap_sim3/comp_bias12.png used on input line 13
3.
(pdftex.def)             Requested size: 369.88582pt x 369.891pt.

<images/chap_sim3/comp_bias34.png, id=1429, 1011.78pt x 1011.78pt>
File: images/chap_sim3/comp_bias34.png Graphic file (type png)

<use images/chap_sim3/comp_bias34.png>
Package pdftex.def Info: images/chap_sim3/comp_bias34.png used on input line 13
9.
(pdftex.def)             Requested size: 341.43306pt x 341.43785pt.

<images/chap_sim3/2saft_bias.png, id=1432, 1011.78pt x 1011.78pt>
File: images/chap_sim3/2saft_bias.png Graphic file (type png)

<use images/chap_sim3/2saft_bias.png>
Package pdftex.def Info: images/chap_sim3/2saft_bias.png used on input line 146
.
(pdftex.def)             Requested size: 341.43306pt x 341.43785pt.

<images/chap_sim3/comp_bias56.png, id=1433, 1011.78pt x 1011.78pt>
File: images/chap_sim3/comp_bias56.png Graphic file (type png)

<use images/chap_sim3/comp_bias56.png>
Package pdftex.def Info: images/chap_sim3/comp_bias56.png used on input line 15
3.
(pdftex.def)             Requested size: 341.43306pt x 341.43785pt.
 [70

] [71 <./images/chap_sim3/comp_bias12.png>] [72 <./images/chap_sim3/comp_bias34
.png>] [73 <./images/chap_sim3/2saft_bias.png>] [74 <./images/chap_sim3/comp_bi
as56.png>]
<images/chap_sim3/simple_cov.png, id=1469, 1011.78pt x 1445.4pt>
File: images/chap_sim3/simple_cov.png Graphic file (type png)

<use images/chap_sim3/simple_cov.png>
Package pdftex.def Info: images/chap_sim3/simple_cov.png used on input line 165
.
(pdftex.def)             Requested size: 369.88582pt x 528.41574pt.

<images/chap_sim3/comp_cov.png, id=1470, 1011.78pt x 1445.4pt>
File: images/chap_sim3/comp_cov.png Graphic file (type png)

<use images/chap_sim3/comp_cov.png>
Package pdftex.def Info: images/chap_sim3/comp_cov.png used on input line 171.
(pdftex.def)             Requested size: 369.88582pt x 528.41574pt.
 [75

] [76 <./images/chap_sim3/simple_cov.png>] [77 <./images/chap_sim3/comp_cov.png
>]) [78

]
\openout2 = `chap_con.aux'.

 (chap_con.tex
Chapter 6.
[79



] [80]
Underfull \vbox (badness 10000) has occurred while \output is active []

 [81]
Overfull \hbox (3.8563pt too wide) in paragraph at lines 65--67
\T1/put/m/n/12 meth-od-o-logy as the modi-fic-a-tion to the cen-sor-ing al-gori
thm de-scribed by [][]Zhang
 []


Overfull \hbox (9.71278pt too wide) in paragraph at lines 65--67
\T1/put/m/n/12 the ad-di-tional para-met-ric as-sump-tions it is hard to see th
e be-ne-fits of this method
 []

[82]
Overfull \hbox (2.2485pt too wide) in paragraph at lines 82--83
\T1/put/m/n/12 This dis-ser-ta-tion has in-vest-ig-ated the im-pact on trial re
s-ults as-sum-ing that treat-
 []

[83]) [84] (BENNETT-IT.bbl [85



] [86] [87]
Underfull \hbox (badness 1442) in paragraph at lines 205--212
[]\T1/put/m/n/12 Korhonen, P.A., Laird, N.M. and Palmgren, J. (1999) Cor-rect-i
ng for non-
 []


Underfull \hbox (badness 1325) in paragraph at lines 205--212
$\T1/put/m/n/12 18 : 21<[]2879 :: AID-[]SIM190 >[] 3 . 0 . CO ; 2-[]K$.  URL []
[]$\T1/cmtt/m/n/12 http : / / dx . doi . org / 10 . 1002 /$
 []

[88]
Underfull \hbox (badness 1077) in paragraph at lines 310--318
\T1/put/m/n/12 olimus in ad-vanced renal cell car-cinoma: a double-blind, ran-d
om-ised,
 []

[89]
Underfull \hbox (badness 10000) in paragraph at lines 320--323
$\T1/cmtt/m/n/12 gov . au / info / industry / listing / elements / pbac-[]meeti
ngs / psd / 2012-[]07 /$
 []


Underfull \hbox (badness 1189) in paragraph at lines 341--351
[]\T1/put/m/n/12 Robert, C., Karaszewska, B., Schachter, J., Rutkowski, P., Mac
k-iewicz, A.,
 []

[90]
Underfull \hbox (badness 2142) in paragraph at lines 375--381
\T1/put/m/n/12 lysis ap-proaches.  URL [][]$\T1/cmtt/m/n/12 https : / / www . e
fspi . org / documents / activities /$
 []


Underfull \hbox (badness 7116) in paragraph at lines 375--381
$\T1/cmtt/m/n/12 international % 20events / 10leenslaetsjanbogaerts . pdf$[][]\
T1/put/m/n/12 , novem-ber 2013
 []


Underfull \hbox (badness 2875) in paragraph at lines 403--406
$\T1/cmtt/m/n/12 / / www . stata . com / meeting / uk14 / abstracts / #white$[]
[]\T1/put/m/n/12 , 2014 UK Stata Users
 []


Underfull \hbox (badness 1931) in paragraph at lines 417--422
\T1/put/m/n/12 ef-fic-acy es-tim-ator.  \T1/put/m/it/12 Stata Journal\T1/put/m/
n/12 , \T1/put/b/n/12 2\T1/put/m/n/12 , 140--150(11).  URL [][]$\T1/cmtt/m/n/12
 http : / / www .$
 []

[91]
Underfull \hbox (badness 1014) in paragraph at lines 439--445
\T1/put/m/it/12 Thera-peutic In-nov-a-tion & Reg-u-lat-ory Sci-ence\T1/put/m/n/
12 , \T1/put/b/n/12 47\T1/put/m/n/12 , 95--100.  doi:$10 . 1177 /$
 []

) [92]
\openout2 = `app_allres.aux'.

 (app_allres.tex
Appendix A.

Overfull \hbox (1.70865pt too wide) in paragraph at lines 4--5
\T1/put/m/n/12 tion Study 1 de-scribed in Chapter [][]4[][] and Sim-u-la-tion S
tudy 2 de-scribed in Chapter
 []

[93



] <images/chap_con/simp_bias4.png, id=1703, 1445.4pt x 1011.78pt>
File: images/chap_con/simp_bias4.png Graphic file (type png)

<use images/chap_con/simp_bias4.png>
Package pdftex.def Info: images/chap_con/simp_bias4.png used on input line 10.
(pdftex.def)             Requested size: 569.05511pt x 398.34416pt.

<images/chap_con/rpsft_bias4.png, id=1704, 1445.4pt x 1011.78pt>
File: images/chap_con/rpsft_bias4.png Graphic file (type png)

<use images/chap_con/rpsft_bias4.png>
Package pdftex.def Info: images/chap_con/rpsft_bias4.png used on input line 17.

(pdftex.def)             Requested size: 569.05511pt x 398.34416pt.

<images/chap_con/mipe_bias4.png, id=1705, 1445.4pt x 1011.78pt>
File: images/chap_con/mipe_bias4.png Graphic file (type png)

<use images/chap_con/mipe_bias4.png>
Package pdftex.def Info: images/chap_con/mipe_bias4.png used on input line 24.
(pdftex.def)             Requested size: 569.05511pt x 398.34416pt.

<images/chap_con/saft_bias4.png, id=1706, 1445.4pt x 1011.78pt>
File: images/chap_con/saft_bias4.png Graphic file (type png)

<use images/chap_con/saft_bias4.png>
Package pdftex.def Info: images/chap_con/saft_bias4.png used on input line 31.
(pdftex.def)             Requested size: 569.05511pt x 398.34416pt.
) [94 <./images/chap_con/simp_bias4.png>]
[95 <./images/chap_con/rpsft_bias4.png>] [96 <./images/chap_con/mipe_bias4.png>
] [97 <./images/chap_con/saft_bias4.png>]
\openout2 = `app_R.aux'.

 (app_R.tex
Appendix B.
[98




]
Overfull \hbox (8.02444pt too wide) in paragraph at lines 42--43
\T1/put/m/n/12 The func-tion []\T1/cmtt/m/n/12 RPSFT.2pass \T1/put/m/n/12 calls
 func-tion []\T1/cmtt/m/n/12 RPSFT \T1/put/m/n/12 twice to per-form two grid se
arches
 []

[99]
Overfull \hbox (0.47287pt too wide) in paragraph at lines 110--111
 []\T1/put/b/n/12 Function RPSFT.trypsi[] \T1/put/m/n/12 es-tim-ates $\OML/cmm/
m/it/12 Z\OT1/cmr/m/n/12 (\OML/cmm/m/it/12  \OT1/cmr/m/n/12 )$ \T1/put/m/n/12 a
s-so-ci-ated with a com-par-ison of coun-
 []


Overfull \hbox (4.68948pt too wide) in paragraph at lines 120--121
 []\T1/put/b/n/12 Function RPSFT.latent[] \T1/put/m/n/12 de-rives lat-ent sur-v
ival times for a given value of $\OML/cmm/m/it/12  $ \T1/put/m/n/12 while
 []

[100

] [101

] [102

]
Underfull \vbox (badness 10000) has occurred while \output is active []

 [103])
[104]
\openout2 = `app_genweib.aux'.

 (app_genweib.tex
Appendix C.

Underfull \vbox (badness 10000) has occurred while \output is active []

 [105



]
Overfull \hbox (83.23114pt too wide) in paragraph at lines 45--45
[] 
 []


Underfull \vbox (badness 10000) has occurred while \output is active []

 [106]
Overfull \hbox (56.79356pt too wide) in paragraph at lines 57--57
[] 
 []


Underfull \vbox (badness 10000) has occurred while \output is active []

 [107]
Overfull \hbox (8.48225pt too wide) in paragraph at lines 87--87
[] 
 []


Overfull \hbox (21.72119pt too wide) in paragraph at lines 118--118
[] 
 []


Underfull \vbox (badness 10000) has occurred while \output is active []

 [108]
Overfull \hbox (15.32532pt too wide) in paragraph at lines 153--153
[] 
 []

[109]) [110]
\openout2 = `app_sim2res.aux'.

 (app_sim2res.tex
Appendix D.
<images/chap_sim2/complexA_bias.png, id=1814, 1011.78pt x 1445.4pt>
File: images/chap_sim2/complexA_bias.png Graphic file (type png)

<use images/chap_sim2/complexA_bias.png>
Package pdftex.def Info: images/chap_sim2/complexA_bias.png used on input line 
9.
(pdftex.def)             Requested size: 398.33858pt x 569.06311pt.

<images/chap_sim2/complexA_cov.png, id=1815, 1011.78pt x 1445.4pt>
File: images/chap_sim2/complexA_cov.png Graphic file (type png)

<use images/chap_sim2/complexA_cov.png>
Package pdftex.def Info: images/chap_sim2/complexA_cov.png used on input line 1
5.
(pdftex.def)             Requested size: 398.33858pt x 569.06311pt.
 [111



] [112 <./images/chap_sim2/complexA_bias.png>] [113 <./images/chap_sim2/complex
A_cov.png>]
Underfull \hbox (badness 10000) in paragraph at lines 22--23

 []

(tables/t_sim2app_guide.tex)
Overfull \hbox (10.87112pt too wide) in paragraph at lines 4--26
[][]
 []


Underfull \hbox (badness 10000) in paragraph at lines 4--26

 []

(tables/t_sim2app_full.tex

LaTeX Warning: Float too large for page by 27.7983pt on input line 99.

[114

] [115]

LaTeX Warning: Float too large for page by 27.7983pt on input line 198.

[116]

LaTeX Warning: Float too large for page by 27.7983pt on input line 297.

[117]

LaTeX Warning: Float too large for page by 27.7983pt on input line 396.

[118]

LaTeX Warning: Float too large for page by 27.7983pt on input line 495.

[119]

LaTeX Warning: Float too large for page by 27.7983pt on input line 594.

[120]

LaTeX Warning: Float too large for page by 27.7983pt on input line 693.

[121]

LaTeX Warning: Float too large for page by 27.7983pt on input line 792.

[122]

LaTeX Warning: Float too large for page by 27.7983pt on input line 891.

[123]

LaTeX Warning: Float too large for page by 27.7983pt on input line 990.

[124]

LaTeX Warning: Float too large for page by 27.7983pt on input line 1089.

[125]

LaTeX Warning: Float too large for page by 27.7983pt on input line 1188.

[126]

LaTeX Warning: Float too large for page by 27.7983pt on input line 1287.

[127]

LaTeX Warning: Float too large for page by 27.7983pt on input line 1386.

[128]

LaTeX Warning: Float too large for page by 27.7983pt on input line 1485.

[129]

LaTeX Warning: Float too large for page by 27.7983pt on input line 1584.

[130]

LaTeX Warning: Float too large for page by 27.7983pt on input line 1683.

[131]

LaTeX Warning: Float too large for page by 27.7983pt on input line 1782.

[132]))
\openout2 = `app_sim3res.aux'.

 (app_sim3res.tex
Appendix E.
[133





















]
Underfull \hbox (badness 10000) in paragraph at lines 8--9

 []

(tables/t_sim3app_guide.tex) [134

] (tables/t_sim3app_full.tex [135] [136]
[137] [138] [139] [140] [141] [142] [143] [144] [145] [146] [147] [148]
[149] [150] [151] [152] [153] [154] [155] [156] [157] [158] [159] [160]
[161] [162] [163] [164] [165] [166] [167] [168] [169] [170]))
Appendix F.


pdfTeX warning: pdflatex (file ./images/app_poster.pdf): PDF inclusion: found P
DF version <1.7>, but at most version <1.5> allowed
<images/app_poster.pdf, id=2177, 614.295pt x 794.97pt>
File: images/app_poster.pdf Graphic file (type pdf)

<use images/app_poster.pdf>
Package pdftex.def Info: images/app_poster.pdf used on input line 123.
(pdftex.def)             Requested size: 614.29349pt x 794.96806pt.


pdfTeX warning: pdflatex (file ./images/app_poster.pdf): PDF inclusion: found P
DF version <1.7>, but at most version <1.5> allowed
File: images/app_poster.pdf Graphic file (type pdf)
<use images/app_poster.pdf>
Package pdftex.def Info: images/app_poster.pdf used on input line 123.
(pdftex.def)             Requested size: 614.29349pt x 794.96806pt.


pdfTeX warning: pdflatex (file ./images/app_poster.pdf): PDF inclusion: found P
DF version <1.7>, but at most version <1.5> allowed


pdfTeX warning: pdflatex (file ./images/app_poster.pdf): PDF inclusion: found P
DF version <1.7>, but at most version <1.5> allowed
<images/app_poster.pdf, id=2180, page=1, 614.295pt x 794.97pt>
File: images/app_poster.pdf Graphic file (type pdf)

<use images/app_poster.pdf, page 1>
Package pdftex.def Info: images/app_poster.pdf, page1 used on input line 123.
(pdftex.def)             Requested size: 424.79196pt x 645.89941pt.
File: images/app_poster.pdf Graphic file (type pdf)
 <use images/app_poster.pdf, page 1>
Package pdftex.def Info: images/app_poster.pdf, page1 used on input line 123.
(pdftex.def)             Requested size: 804.8167pt x 1041.52751pt.

[171







































]
File: images/app_poster.pdf Graphic file (type pdf)
 <use images/app_poster.pdf, page 1>
Package pdftex.def Info: images/app_poster.pdf, page1 used on input line 123.
(pdftex.def)             Requested size: 804.8167pt x 1041.52751pt.
File: images/app_poster.pdf Graphic file (type pdf)
 <use images/app_poster.pdf, page 1>
Package pdftex.def Info: images/app_poster.pdf, page1 used on input line 123.
(pdftex.def)             Requested size: 804.8167pt x 1041.52751pt.
File: images/app_poster.pdf Graphic file (type pdf)

<use images/app_poster.pdf, page 1>
Package pdftex.def Info: images/app_poster.pdf, page1 used on input line 123.
(pdftex.def)             Requested size: 804.8167pt x 1041.52751pt.
 [172 <./images/app_poster.pdf>]

pdfTeX warning: pdflatex (file ./images/app_poster.pdf): PDF inclusion: found P
DF version <1.7>, but at most version <1.5> allowed
<images/app_poster.pdf, id=2221, page=2, 614.295pt x 794.97pt>
File: images/app_poster.pdf Graphic file (type pdf)

<use images/app_poster.pdf, page 2>
Package pdftex.def Info: images/app_poster.pdf, page2 used on input line 123.
(pdftex.def)             Requested size: 804.8167pt x 1041.52751pt.
File: images/app_poster.pdf Graphic file (type pdf)
 <use images/app_poster.pdf, page 2>
Package pdftex.def Info: images/app_poster.pdf, page2 used on input line 123.
(pdftex.def)             Requested size: 804.8167pt x 1041.52751pt.
File: images/app_poster.pdf Graphic file (type pdf)

<use images/app_poster.pdf, page 2>
Package pdftex.def Info: images/app_poster.pdf, page2 used on input line 123.
(pdftex.def)             Requested size: 804.8167pt x 1041.52751pt.
 [173 <./images/app_poster.pdf>]

pdfTeX warning: pdflatex (file ./images/app_poster.pdf): PDF inclusion: found P
DF version <1.7>, but at most version <1.5> allowed
<images/app_poster.pdf, id=2274, page=3, 614.295pt x 794.97pt>
File: images/app_poster.pdf Graphic file (type pdf)

<use images/app_poster.pdf, page 3>
Package pdftex.def Info: images/app_poster.pdf, page3 used on input line 123.
(pdftex.def)             Requested size: 804.8167pt x 1041.52751pt.
File: images/app_poster.pdf Graphic file (type pdf)
 <use images/app_poster.pdf, page 3>
Package pdftex.def Info: images/app_poster.pdf, page3 used on input line 123.
(pdftex.def)             Requested size: 804.8167pt x 1041.52751pt.
File: images/app_poster.pdf Graphic file (type pdf)

<use images/app_poster.pdf, page 3>
Package pdftex.def Info: images/app_poster.pdf, page3 used on input line 123.
(pdftex.def)             Requested size: 804.8167pt x 1041.52751pt.
 [174 <./images/app_poster.pdf>]

pdfTeX warning: pdflatex (file ./images/app_poster.pdf): PDF inclusion: found P
DF version <1.7>, but at most version <1.5> allowed
<images/app_poster.pdf, id=2279, page=4, 614.295pt x 794.97pt>
File: images/app_poster.pdf Graphic file (type pdf)

<use images/app_poster.pdf, page 4>
Package pdftex.def Info: images/app_poster.pdf, page4 used on input line 123.
(pdftex.def)             Requested size: 804.8167pt x 1041.52751pt.
File: images/app_poster.pdf Graphic file (type pdf)
 <use images/app_poster.pdf, page 4>
Package pdftex.def Info: images/app_poster.pdf, page4 used on input line 123.
(pdftex.def)             Requested size: 804.8167pt x 1041.52751pt.
File: images/app_poster.pdf Graphic file (type pdf)

<use images/app_poster.pdf, page 4>
Package pdftex.def Info: images/app_poster.pdf, page4 used on input line 123.
(pdftex.def)             Requested size: 804.8167pt x 1041.52751pt.
 [175 <./images/app_poster.pdf>]

pdfTeX warning: pdflatex (file ./images/app_poster.pdf): PDF inclusion: found P
DF version <1.7>, but at most version <1.5> allowed
<images/app_poster.pdf, id=2285, page=5, 614.295pt x 794.97pt>
File: images/app_poster.pdf Graphic file (type pdf)

<use images/app_poster.pdf, page 5>
Package pdftex.def Info: images/app_poster.pdf, page5 used on input line 123.
(pdftex.def)             Requested size: 804.8167pt x 1041.52751pt.
File: images/app_poster.pdf Graphic file (type pdf)
 <use images/app_poster.pdf, page 5>
Package pdftex.def Info: images/app_poster.pdf, page5 used on input line 123.
(pdftex.def)             Requested size: 804.8167pt x 1041.52751pt.
File: images/app_poster.pdf Graphic file (type pdf)

<use images/app_poster.pdf, page 5>
Package pdftex.def Info: images/app_poster.pdf, page5 used on input line 123.
(pdftex.def)             Requested size: 804.8167pt x 1041.52751pt.
 [176 <./images/app_poster.pdf>]

pdfTeX warning: pdflatex (file ./images/app_poster.pdf): PDF inclusion: found P
DF version <1.7>, but at most version <1.5> allowed
<images/app_poster.pdf, id=2297, page=6, 614.295pt x 794.97pt>
File: images/app_poster.pdf Graphic file (type pdf)

<use images/app_poster.pdf, page 6>
Package pdftex.def Info: images/app_poster.pdf, page6 used on input line 123.
(pdftex.def)             Requested size: 804.8167pt x 1041.52751pt.
File: images/app_poster.pdf Graphic file (type pdf)
 <use images/app_poster.pdf, page 6>
Package pdftex.def Info: images/app_poster.pdf, page6 used on input line 123.
(pdftex.def)             Requested size: 804.8167pt x 1041.52751pt.
File: images/app_poster.pdf Graphic file (type pdf)

<use images/app_poster.pdf, page 6>
Package pdftex.def Info: images/app_poster.pdf, page6 used on input line 123.
(pdftex.def)             Requested size: 804.8167pt x 1041.52751pt.
 [177 <./images/app_poster.pdf>]

pdfTeX warning: pdflatex (file ./images/app_poster.pdf): PDF inclusion: found P
DF version <1.7>, but at most version <1.5> allowed
<images/app_poster.pdf, id=2305, page=7, 614.295pt x 794.97pt>
File: images/app_poster.pdf Graphic file (type pdf)

<use images/app_poster.pdf, page 7>
Package pdftex.def Info: images/app_poster.pdf, page7 used on input line 123.
(pdftex.def)             Requested size: 804.8167pt x 1041.52751pt.
File: images/app_poster.pdf Graphic file (type pdf)
 <use images/app_poster.pdf, page 7>
Package pdftex.def Info: images/app_poster.pdf, page7 used on input line 123.
(pdftex.def)             Requested size: 804.8167pt x 1041.52751pt.
File: images/app_poster.pdf Graphic file (type pdf)

<use images/app_poster.pdf, page 7>
Package pdftex.def Info: images/app_poster.pdf, page7 used on input line 123.
(pdftex.def)             Requested size: 804.8167pt x 1041.52751pt.
 [178 <./images/app_poster.pdf>]

pdfTeX warning: pdflatex (file ./images/app_poster.pdf): PDF inclusion: found P
DF version <1.7>, but at most version <1.5> allowed
<images/app_poster.pdf, id=2310, page=8, 614.295pt x 794.97pt>
File: images/app_poster.pdf Graphic file (type pdf)

<use images/app_poster.pdf, page 8>
Package pdftex.def Info: images/app_poster.pdf, page8 used on input line 123.
(pdftex.def)             Requested size: 804.8167pt x 1041.52751pt.
File: images/app_poster.pdf Graphic file (type pdf)
 <use images/app_poster.pdf, page 8>
Package pdftex.def Info: images/app_poster.pdf, page8 used on input line 123.
(pdftex.def)             Requested size: 804.8167pt x 1041.52751pt.
File: images/app_poster.pdf Graphic file (type pdf)

<use images/app_poster.pdf, page 8>
Package pdftex.def Info: images/app_poster.pdf, page8 used on input line 123.
(pdftex.def)             Requested size: 804.8167pt x 1041.52751pt.
 [179 <./images/app_poster.pdf>]

pdfTeX warning: pdflatex (file ./images/app_poster.pdf): PDF inclusion: found P
DF version <1.7>, but at most version <1.5> allowed
<images/app_poster.pdf, id=2341, page=9, 614.295pt x 794.97pt>
File: images/app_poster.pdf Graphic file (type pdf)

<use images/app_poster.pdf, page 9>
Package pdftex.def Info: images/app_poster.pdf, page9 used on input line 123.
(pdftex.def)             Requested size: 804.8167pt x 1041.52751pt.
File: images/app_poster.pdf Graphic file (type pdf)
 <use images/app_poster.pdf, page 9>
Package pdftex.def Info: images/app_poster.pdf, page9 used on input line 123.
(pdftex.def)             Requested size: 804.8167pt x 1041.52751pt.
File: images/app_poster.pdf Graphic file (type pdf)

<use images/app_poster.pdf, page 9>
Package pdftex.def Info: images/app_poster.pdf, page9 used on input line 123.
(pdftex.def)             Requested size: 804.8167pt x 1041.52751pt.
 [180 <./images/app_poster.pdf>]

pdfTeX warning: pdflatex (file ./images/app_poster.pdf): PDF inclusion: found P
DF version <1.7>, but at most version <1.5> allowed
<images/app_poster.pdf, id=2357, page=10, 614.295pt x 794.97pt>
File: images/app_poster.pdf Graphic file (type pdf)

<use images/app_poster.pdf, page 10>
Package pdftex.def Info: images/app_poster.pdf, page10 used on input line 123.
(pdftex.def)             Requested size: 804.8167pt x 1041.52751pt.
File: images/app_poster.pdf Graphic file (type pdf)
 <use images/app_poster.pdf, page 10>
Package pdftex.def Info: images/app_poster.pdf, page10 used on input line 123.
(pdftex.def)             Requested size: 804.8167pt x 1041.52751pt.
File: images/app_poster.pdf Graphic file (type pdf)

<use images/app_poster.pdf, page 10>
Package pdftex.def Info: images/app_poster.pdf, page10 used on input line 123.
(pdftex.def)             Requested size: 804.8167pt x 1041.52751pt.
 [181 <./images/app_poster.pdf>]

pdfTeX warning: pdflatex (file ./images/app_poster.pdf): PDF inclusion: found P
DF version <1.7>, but at most version <1.5> allowed
<images/app_poster.pdf, id=2394, page=11, 614.295pt x 794.97pt>
File: images/app_poster.pdf Graphic file (type pdf)

<use images/app_poster.pdf, page 11>
Package pdftex.def Info: images/app_poster.pdf, page11 used on input line 123.
(pdftex.def)             Requested size: 804.8167pt x 1041.52751pt.
File: images/app_poster.pdf Graphic file (type pdf)
 <use images/app_poster.pdf, page 11>
Package pdftex.def Info: images/app_poster.pdf, page11 used on input line 123.
(pdftex.def)             Requested size: 804.8167pt x 1041.52751pt.
File: images/app_poster.pdf Graphic file (type pdf)

<use images/app_poster.pdf, page 11>
Package pdftex.def Info: images/app_poster.pdf, page11 used on input line 123.
(pdftex.def)             Requested size: 804.8167pt x 1041.52751pt.
 [182 <./images/app_poster.pdf>]
\tf@thm=\write6
\openout6 = `BENNETT-IT.thm'.

Package atveryend Info: Empty hook `BeforeClearDocument' on input line 128.
Package atveryend Info: Empty hook `AfterLastShipout' on input line 128.

(BENNETT-IT.aux (ThesisFrontPage.aux) (ThesisAbstract.aux)
(ThesisAcknowledgements.aux) (chap_intro.aux) (chap_methrev.aux)
(chap_sim_design.aux) (chap_sim2.aux) (chap_sim3.aux) (chap_con.aux)
(app_allres.aux) (app_R.aux) (app_genweib.aux) (app_sim2res.aux)
(app_sim3res.aux))
Package atveryend Info: Executing hook `AtVeryEndDocument' on input line 128.
Package atveryend Info: Executing hook `AtEndAfterFileList' on input line 128.
Package rerunfilecheck Info: File `BENNETT-IT.out' has not changed.
(rerunfilecheck)             Checksum: D900D1421EF4F45518A8A90CED451703;7170.
Package atveryend Info: Empty hook `AtVeryVeryEnd' on input line 128.
 )
(\end occurred inside a group at level 1)

### semi simple group (level 1) entered at line 63 (\begingroup)
### bottom level 
Here is how much of TeX's memory you used:
 12716 strings out of 493634
 191227 string characters out of 3141306
 392404 words of memory out of 3000000
 15230 multiletter control sequences out of 15000+200000
 108432 words of font info for 84 fonts, out of 3000000 for 9000
 1025 hyphenation exceptions out of 8191
 42i,18n,49p,1428b,1606s stack positions out of 5000i,500n,10000p,200000b,50000s
pdfTeX warning (dest): name{Hfootnote.7} has been referenced bu
t does not exist, replaced by a fixed one

pdfTeX warning (dest): name{Hfootnote.6} has been referenced but does not exist
, replaced by a fixed one

pdfTeX warning (dest): name{Hfootnote.5} has been referenced but does not exist
, replaced by a fixed one

pdfTeX warning (dest): name{Hfootnote.4} has been referenced but does not exist
, replaced by a fixed one

pdfTeX warning (dest): name{Hfootnote.3} has been referenced but does not exist
, replaced by a fixed one

pdfTeX warning (dest): name{Hfootnote.2} has been referenced but does not exist
, replaced by a fixed one

pdfTeX warning (dest): name{Hfootnote.1} has been referenced but does not exist
, replaced by a fixed one

 <C:\Users\IainBenn\AppData\Local\MiKTeX\2.9\fonts\pk\ljfour\jknappen\ec\dpi600
\ectt1095.pk> <C:\Users\IainBenn\AppData\Local\MiKTeX\2.9\fonts\pk\ljfour\jknap
pen\ec\dpi600\ectt1200.pk>{C:/Program Files (x86)/MiKTeX 2.9/fonts/enc/dvips/fo
ntname/8r.enc} <C:\Users\IainBenn\AppData\Local\MiKTeX\2.9\fonts\pk\ljfour\jkna
ppen\ec\dpi600\ecss1095.pk><C:/Program Files (x86)/MiKTeX 2.9/fonts/type1/publi
c/amsfonts/cm/cmex10.pfb><C:/Program Files (x86)/MiKTeX 2.9/fonts/type1/public/
amsfonts/cm/cmmi10.pfb><C:/Program Files (x86)/MiKTeX 2.9/fonts/type1/public/am
sfonts/cm/cmmi12.pfb><C:/Program Files (x86)/MiKTeX 2.9/fonts/type1/public/amsf
onts/cm/cmmi6.pfb><C:/Program Files (x86)/MiKTeX 2.9/fonts/type1/public/amsfont
s/cm/cmmi8.pfb><C:/Program Files (x86)/MiKTeX 2.9/fonts/type1/public/amsfonts/c
m/cmr10.pfb><C:/Program Files (x86)/MiKTeX 2.9/fonts/type1/public/amsfonts/cm/c
mr12.pfb><C:/Program Files (x86)/MiKTeX 2.9/fonts/type1/public/amsfonts/cm/cmr6
.pfb><C:/Program Files (x86)/MiKTeX 2.9/fonts/type1/public/amsfonts/cm/cmr7.pfb
><C:/Program Files (x86)/MiKTeX 2.9/fonts/type1/public/amsfonts/cm/cmr8.pfb><C:
/Program Files (x86)/MiKTeX 2.9/fonts/type1/public/amsfonts/cm/cmsy10.pfb><C:/P
rogram Files (x86)/MiKTeX 2.9/fonts/type1/public/amsfonts/cm/cmsy6.pfb><C:/Prog
ram Files (x86)/MiKTeX 2.9/fonts/type1/public/amsfonts/cm/cmsy7.pfb><C:/Program
 Files (x86)/MiKTeX 2.9/fonts/type1/public/amsfonts/cm/cmsy8.pfb><C:/Program Fi
les (x86)/MiKTeX 2.9/fonts/type1/public/amsfonts/symbols/msbm10.pfb><C:/Program
 Files (x86)/MiKTeX 2.9/fonts/type1/adobe/utopia/putb8a.pfb><C:/Program Files (
x86)/MiKTeX 2.9/fonts/type1/adobe/utopia/putr8a.pfb><C:/Program Files (x86)/MiK
TeX 2.9/fonts/type1/adobe/utopia/putri8a.pfb>
Output written on BENNETT-IT.pdf (188 pages, 12185533 bytes).
PDF statistics:
 2791 PDF objects out of 2984 (max. 8388607)
 519 named destinations out of 1000 (max. 500000)
 996 words of extra memory for PDF output out of 10000 (max. 10000000)

